#
# There is insufficient memory for the Java Runtime Environment to continue.
# Native memory allocation (malloc) failed to allocate 1048576 bytes for AllocateHeap
# Possible reasons:
#   The system is out of physical RAM or swap space
#   In 32 bit mode, the process size limit was hit
# Possible solutions:
#   Reduce memory load on the system
#   Increase physical memory or swap space
#   Check if swap backing store is full
#   Use 64 bit Java on a 64 bit OS
#   Decrease Java heap size (-Xmx/-Xms)
#   Decrease number of Java threads
#   Decrease Java thread stack sizes (-Xss)
#   Set larger code cache with -XX:ReservedCodeCacheSize=
# This output file may be truncated or incomplete.
#
#  Out of Memory Error (memory/allocation.inline.hpp:61), pid=70940, tid=0x0000000000011368
#
# JRE version:  (8.0_191-b12) (build )
# Java VM: OpenJDK 64-Bit Server VM (25.191-b12 mixed mode windows-amd64 compressed oops)
# Failed to write core dump. Minidumps are not enabled by default on client versions of Windows
#

---------------  T H R E A D  ---------------

Current thread (0x0000000002764800):  JavaThread "Unknown thread" [_thread_in_vm, id=70504, stack(0x00000000021e0000,0x00000000022e0000)]

Stack: [0x00000000021e0000,0x00000000022e0000]
[error occurred during error reporting (printing stack bounds), id 0xc0000005]

Native frames: (J=compiled Java code, j=interpreted, Vv=VM code, C=native code)


---------------  P R O C E S S  ---------------

Java Threads: ( => current thread )

Other Threads:

=>0x0000000002764800 (exited) JavaThread "Unknown thread" [_thread_in_vm, id=70504, stack(0x00000000021e0000,0x00000000022e0000)]

VM state:not at safepoint (normal execution)

VM Mutex/Monitor currently owned by a thread: None

Heap:
 PSYoungGen      total 38400K, used 665K [0x00000000d5800000, 0x00000000d8280000, 0x0000000100000000)
  eden space 33280K, 2% used [0x00000000d5800000,0x00000000d58a6670,0x00000000d7880000)
  from space 5120K, 0% used [0x00000000d7d80000,0x00000000d7d80000,0x00000000d8280000)
  to   space 5120K, 0% used [0x00000000d7880000,0x00000000d7880000,0x00000000d7d80000)
 ParOldGen       total 87552K, used 0K [0x0000000080800000, 0x0000000085d80000, 0x00000000d5800000)
  object space 87552K, 0% used [0x0000000080800000,0x0000000080800000,0x0000000085d80000)
 Metaspace       used 872K, capacity 4480K, committed 4480K, reserved 1056768K
  class space    used 74K, capacity 384K, committed 384K, reserved 1048576K

Card table byte_map: [0x0000000011be0000,0x0000000011fe0000] byte_map_base: 0x00000000117dc000

Marking Bits: (ParMarkBitMap*) 0x00000000530f6bc0
 Begin Bits: [0x0000000012690000, 0x0000000014670000)
 End Bits:   [0x0000000014670000, 0x0000000016650000)

Polling page: 0x00000000001f0000

CodeCache: size=245760Kb used=328Kb max_used=328Kb free=245431Kb
 bounds [0x0000000002820000, 0x0000000002a90000, 0x0000000011820000]
 total_blobs=57 nmethods=0 adapters=38
 compilation: enabled

Compilation events (0 events):
No events

GC Heap History (0 events):
No events

Deoptimization events (0 events):
No events

Classes redefined (0 events):
No events

Internal exceptions (0 events):
No events

Events (216 events):
Event: 0.030 loading class java/lang/Object
Event: 0.035 loading class java/lang/Object done
Event: 0.035 loading class java/lang/String
Event: 0.035 loading class java/io/Serializable
Event: 0.035 loading class java/io/Serializable done
Event: 0.035 loading class java/lang/Comparable
Event: 0.035 loading class java/lang/Comparable done
Event: 0.035 loading class java/lang/CharSequence
Event: 0.035 loading class java/lang/CharSequence done
Event: 0.036 loading class java/lang/String done
Event: 0.036 loading class java/lang/Class
Event: 0.036 loading class java/lang/reflect/GenericDeclaration
Event: 0.036 loading class java/lang/reflect/AnnotatedElement
Event: 0.036 loading class java/lang/reflect/AnnotatedElement done
Event: 0.036 loading class java/lang/reflect/GenericDeclaration done
Event: 0.036 loading class java/lang/reflect/Type
Event: 0.036 loading class java/lang/reflect/Type done
Event: 0.036 loading class java/lang/Class done
Event: 0.036 loading class java/lang/Cloneable
Event: 0.036 loading class java/lang/Cloneable done
Event: 0.036 loading class java/lang/ClassLoader
Event: 0.036 loading class java/lang/ClassLoader done
Event: 0.036 loading class java/lang/System
Event: 0.037 loading class java/lang/System done
Event: 0.037 loading class java/lang/Throwable
Event: 0.037 loading class java/lang/Throwable done
Event: 0.037 loading class java/lang/Error
Event: 0.037 loading class java/lang/Error done
Event: 0.037 loading class java/lang/ThreadDeath
Event: 0.037 loading class java/lang/ThreadDeath done
Event: 0.037 loading class java/lang/Exception
Event: 0.037 loading class java/lang/Exception done
Event: 0.037 loading class java/lang/RuntimeException
Event: 0.037 loading class java/lang/RuntimeException done
Event: 0.037 loading class java/lang/SecurityManager
Event: 0.037 loading class java/lang/SecurityManager done
Event: 0.037 loading class java/security/ProtectionDomain
Event: 0.037 loading class java/security/ProtectionDomain done
Event: 0.037 loading class java/security/AccessControlContext
Event: 0.037 loading class java/security/AccessControlContext done
Event: 0.037 loading class java/security/SecureClassLoader
Event: 0.037 loading class java/security/SecureClassLoader done
Event: 0.037 loading class java/lang/ClassNotFoundException
Event: 0.037 loading class java/lang/ReflectiveOperationException
Event: 0.037 loading class java/lang/ReflectiveOperationException done
Event: 0.037 loading class java/lang/ClassNotFoundException done
Event: 0.037 loading class java/lang/NoClassDefFoundError
Event: 0.037 loading class java/lang/LinkageError
Event: 0.037 loading class java/lang/LinkageError done
Event: 0.037 loading class java/lang/NoClassDefFoundError done
Event: 0.037 loading class java/lang/ClassCastException
Event: 0.038 loading class java/lang/ClassCastException done
Event: 0.038 loading class java/lang/ArrayStoreException
Event: 0.038 loading class java/lang/ArrayStoreException done
Event: 0.038 loading class java/lang/VirtualMachineError
Event: 0.038 loading class java/lang/VirtualMachineError done
Event: 0.038 loading class java/lang/OutOfMemoryError
Event: 0.038 loading class java/lang/OutOfMemoryError done
Event: 0.038 loading class java/lang/StackOverflowError
Event: 0.038 loading class java/lang/StackOverflowError done
Event: 0.038 loading class java/lang/IllegalMonitorStateException
Event: 0.038 loading class java/lang/IllegalMonitorStateException done
Event: 0.038 loading class java/lang/ref/Reference
Event: 0.038 loading class java/lang/ref/Reference done
Event: 0.038 loading class java/lang/ref/SoftReference
Event: 0.038 loading class java/lang/ref/SoftReference done
Event: 0.038 loading class java/lang/ref/WeakReference
Event: 0.038 loading class java/lang/ref/WeakReference done
Event: 0.038 loading class java/lang/ref/FinalReference
Event: 0.038 loading class java/lang/ref/FinalReference done
Event: 0.038 loading class java/lang/ref/PhantomReference
Event: 0.038 loading class java/lang/ref/PhantomReference done
Event: 0.038 loading class sun/misc/Cleaner
Event: 0.038 loading class sun/misc/Cleaner done
Event: 0.038 loading class java/lang/ref/Finalizer
Event: 0.038 loading class java/lang/ref/Finalizer done
Event: 0.038 loading class java/lang/ref/ReferenceQueue
Event: 0.038 loading class java/lang/ref/ReferenceQueue done
Event: 0.038 loading class java/lang/Thread
Event: 0.038 loading class java/lang/Runnable
Event: 0.041 loading class java/lang/Runnable done
Event: 0.041 loading class java/lang/Thread done
Event: 0.041 loading class java/lang/ThreadGroup
Event: 0.041 loading class java/lang/Thread$UncaughtExceptionHandler
Event: 0.041 loading class java/lang/Thread$UncaughtExceptionHandler done
Event: 0.041 loading class java/lang/ThreadGroup done
Event: 0.041 loading class java/util/Properties
Event: 0.041 loading class java/util/Hashtable
Event: 0.041 loading class java/util/Map
Event: 0.042 loading class java/util/Map done
Event: 0.042 loading class java/util/Dictionary
Event: 0.042 loading class java/util/Dictionary done
Event: 0.042 loading class java/util/Hashtable done
Event: 0.042 loading class java/util/Properties done
Event: 0.042 loading class java/lang/reflect/AccessibleObject
Event: 0.042 loading class java/lang/reflect/AccessibleObject done
Event: 0.042 loading class java/lang/reflect/Field
Event: 0.042 loading class java/lang/reflect/Member
Event: 0.042 loading class java/lang/reflect/Member done
Event: 0.043 loading class java/lang/reflect/Field done
Event: 0.043 loading class java/lang/reflect/Parameter
Event: 0.043 loading class java/lang/reflect/Parameter done
Event: 0.043 loading class java/lang/reflect/Method
Event: 0.043 loading class java/lang/reflect/Executable
Event: 0.044 loading class java/lang/reflect/Executable done
Event: 0.044 loading class java/lang/reflect/Method done
Event: 0.044 loading class java/lang/reflect/Constructor
Event: 0.044 loading class java/lang/reflect/Constructor done
Event: 0.044 loading class sun/reflect/MagicAccessorImpl
Event: 0.044 loading class sun/reflect/MagicAccessorImpl done
Event: 0.044 loading class sun/reflect/MethodAccessorImpl
Event: 0.044 loading class sun/reflect/MethodAccessor
Event: 0.044 loading class sun/reflect/MethodAccessor done
Event: 0.044 loading class sun/reflect/MethodAccessorImpl done
Event: 0.044 loading class sun/reflect/ConstructorAccessorImpl
Event: 0.044 loading class sun/reflect/ConstructorAccessor
Event: 0.044 loading class sun/reflect/ConstructorAccessor done
Event: 0.044 loading class sun/reflect/ConstructorAccessorImpl done
Event: 0.044 loading class sun/reflect/DelegatingClassLoader
Event: 0.044 loading class sun/reflect/DelegatingClassLoader done
Event: 0.044 loading class sun/reflect/ConstantPool
Event: 0.044 loading class sun/reflect/ConstantPool done
Event: 0.044 loading class sun/reflect/UnsafeStaticFieldAccessorImpl
Event: 0.044 loading class sun/reflect/UnsafeFieldAccessorImpl
Event: 0.044 loading class sun/reflect/FieldAccessorImpl
Event: 0.045 loading class sun/reflect/FieldAccessor
Event: 0.045 loading class sun/reflect/FieldAccessor done
Event: 0.045 loading class sun/reflect/FieldAccessorImpl done
Event: 0.045 loading class sun/reflect/UnsafeFieldAccessorImpl done
Event: 0.045 loading class sun/reflect/UnsafeStaticFieldAccessorImpl done
Event: 0.045 loading class sun/reflect/CallerSensitive
Event: 0.045 loading class java/lang/annotation/Annotation
Event: 0.045 loading class java/lang/annotation/Annotation done
Event: 0.045 loading class sun/reflect/CallerSensitive done
Event: 0.045 loading class java/lang/invoke/DirectMethodHandle
Event: 0.045 loading class java/lang/invoke/MethodHandle
Event: 0.045 loading class java/lang/invoke/MethodHandle done
Event: 0.045 loading class java/lang/invoke/DirectMethodHandle done
Event: 0.045 loading class java/lang/invoke/MemberName
Event: 0.045 loading class java/lang/invoke/MemberName done
Event: 0.045 loading class java/lang/invoke/MethodHandleNatives
Event: 0.046 loading class java/lang/invoke/MethodHandleNatives done
Event: 0.046 loading class java/lang/invoke/LambdaForm
Event: 0.046 loading class java/lang/invoke/LambdaForm done
Event: 0.046 loading class java/lang/invoke/MethodType
Event: 0.046 loading class java/lang/invoke/MethodType done
Event: 0.046 loading class java/lang/BootstrapMethodError
Event: 0.047 loading class java/lang/BootstrapMethodError done
Event: 0.047 loading class java/lang/invoke/CallSite
Event: 0.047 loading class java/lang/invoke/CallSite done
Event: 0.047 loading class java/lang/invoke/ConstantCallSite
Event: 0.047 loading class java/lang/invoke/ConstantCallSite done
Event: 0.047 loading class java/lang/invoke/MutableCallSite
Event: 0.047 loading class java/lang/invoke/MutableCallSite done
Event: 0.047 loading class java/lang/invoke/VolatileCallSite
Event: 0.047 loading class java/lang/invoke/VolatileCallSite done
Event: 0.047 loading class java/lang/StringBuffer
Event: 0.047 loading class java/lang/AbstractStringBuilder
Event: 0.047 loading class java/lang/Appendable
Event: 0.048 loading class java/lang/Appendable done
Event: 0.048 loading class java/lang/AbstractStringBuilder done
Event: 0.048 loading class java/lang/StringBuffer done
Event: 0.048 loading class java/lang/StringBuilder
Event: 0.048 loading class java/lang/StringBuilder done
Event: 0.048 loading class sun/misc/Unsafe
Event: 0.048 loading class sun/misc/Unsafe done
Event: 0.048 loading class java/io/ByteArrayInputStream
Event: 0.048 loading class java/io/InputStream
Event: 0.048 loading class java/io/Closeable
Event: 0.048 loading class java/lang/AutoCloseable
Event: 0.049 loading class java/lang/AutoCloseable done
Event: 0.049 loading class java/io/Closeable done
Event: 0.049 loading class java/io/InputStream done
Event: 0.049 loading class java/io/ByteArrayInputStream done
Event: 0.049 loading class java/io/File
Event: 0.049 loading class java/io/File done
Event: 0.049 loading class java/net/URLClassLoader
Event: 0.049 loading class java/net/URLClassLoader done
Event: 0.049 loading class java/net/URL
Event: 0.049 loading class java/net/URL done
Event: 0.049 loading class java/util/jar/Manifest
Event: 0.049 loading class java/util/jar/Manifest done
Event: 0.049 loading class sun/misc/Launcher
Event: 0.049 loading class sun/misc/Launcher done
Event: 0.049 loading class sun/misc/Launcher$AppClassLoader
Event: 0.050 loading class sun/misc/Launcher$AppClassLoader done
Event: 0.050 loading class sun/misc/Launcher$ExtClassLoader
Event: 0.050 loading class sun/misc/Launcher$ExtClassLoader done
Event: 0.050 loading class java/security/CodeSource
Event: 0.050 loading class java/security/CodeSource done
Event: 0.050 loading class java/lang/StackTraceElement
Event: 0.050 loading class java/lang/StackTraceElement done
Event: 0.050 loading class java/nio/Buffer
Event: 0.050 loading class java/nio/Buffer done
Event: 0.050 loading class java/lang/Boolean
Event: 0.050 loading class java/lang/Boolean done
Event: 0.050 loading class java/lang/Character
Event: 0.050 loading class java/lang/Character done
Event: 0.050 loading class java/lang/Float
Event: 0.050 loading class java/lang/Number
Event: 0.050 loading class java/lang/Number done
Event: 0.050 loading class java/lang/Float done
Event: 0.050 loading class java/lang/Double
Event: 0.051 loading class java/lang/Double done
Event: 0.051 loading class java/lang/Byte
Event: 0.051 loading class java/lang/Byte done
Event: 0.051 loading class java/lang/Short
Event: 0.051 loading class java/lang/Short done
Event: 0.051 loading class java/lang/Integer
Event: 0.051 loading class java/lang/Integer done
Event: 0.051 loading class java/lang/Long
Event: 0.051 loading class java/lang/Long done
Event: 0.052 loading class java/lang/NullPointerException
Event: 0.052 loading class java/lang/NullPointerException done
Event: 0.052 loading class java/lang/ArithmeticException
Event: 0.052 loading class java/lang/ArithmeticException done


Dynamic libraries:
0x00007ff6359e0000 - 0x00007ff635a29000 	C:\Program Files\ojdkbuild\java-1.8.0-openjdk-1.8.0.191-1\bin\javaw.exe
0x00007ff8e9100000 - 0x00007ff8e92f0000 	C:\WINDOWS\SYSTEM32\ntdll.dll
0x00007ff8e8d20000 - 0x00007ff8e8dd2000 	C:\WINDOWS\System32\KERNEL32.DLL
0x00007ff8e6090000 - 0x00007ff8e6333000 	C:\WINDOWS\System32\KERNELBASE.dll
0x00007ff8e8de0000 - 0x00007ff8e8e83000 	C:\WINDOWS\System32\ADVAPI32.dll
0x00007ff8e8c80000 - 0x00007ff8e8d1e000 	C:\WINDOWS\System32\msvcrt.dll
0x00007ff8e77f0000 - 0x00007ff8e7887000 	C:\WINDOWS\System32\sechost.dll
0x00007ff8e8b60000 - 0x00007ff8e8c80000 	C:\WINDOWS\System32\RPCRT4.dll
0x00007ff8e7890000 - 0x00007ff8e7a24000 	C:\WINDOWS\System32\USER32.dll
0x00007ff8e6520000 - 0x00007ff8e6541000 	C:\WINDOWS\System32\win32u.dll
0x00007ff8e71b0000 - 0x00007ff8e71d6000 	C:\WINDOWS\System32\GDI32.dll
0x00007ff8e6650000 - 0x00007ff8e67e4000 	C:\WINDOWS\System32\gdi32full.dll
0x00007ff8e67f0000 - 0x00007ff8e688e000 	C:\WINDOWS\System32\msvcp_win.dll
0x00007ff8e6550000 - 0x00007ff8e664a000 	C:\WINDOWS\System32\ucrtbase.dll
0x00007ff8d76a0000 - 0x00007ff8d7925000 	C:\WINDOWS\WinSxS\amd64_microsoft.windows.common-controls_6595b64144ccf1df_6.0.18362.476_none_e6c4b11b130f2595\COMCTL32.dll
0x00007ff8e8470000 - 0x00007ff8e87a6000 	C:\WINDOWS\System32\combase.dll
0x00007ff8e6480000 - 0x00007ff8e6500000 	C:\WINDOWS\System32\bcryptPrimitives.dll
0x00007ff8e7b50000 - 0x00007ff8e7b7e000 	C:\WINDOWS\System32\IMM32.DLL
0x00000000522d0000 - 0x00000000523a2000 	C:\Program Files\ojdkbuild\java-1.8.0-openjdk-1.8.0.191-1\jre\bin\msvcr100.dll
0x00000000528a0000 - 0x0000000053180000 	C:\Program Files\ojdkbuild\java-1.8.0-openjdk-1.8.0.191-1\jre\bin\server\jvm.dll
0x00007ff8e8b50000 - 0x00007ff8e8b58000 	C:\WINDOWS\System32\PSAPI.DLL
0x00007ff8d33a0000 - 0x00007ff8d33a9000 	C:\WINDOWS\SYSTEM32\WSOCK32.dll
0x00007ff8e7b80000 - 0x00007ff8e7bef000 	C:\WINDOWS\System32\WS2_32.dll
0x00007ff8e3fd0000 - 0x00007ff8e3ff4000 	C:\WINDOWS\SYSTEM32\WINMM.dll
0x00007ff8e0be0000 - 0x00007ff8e0bea000 	C:\WINDOWS\SYSTEM32\VERSION.dll
0x00007ff8e3b00000 - 0x00007ff8e3b2d000 	C:\WINDOWS\SYSTEM32\WINMMBASE.dll
0x00007ff8e7160000 - 0x00007ff8e71aa000 	C:\WINDOWS\System32\cfgmgr32.dll
0x00007ff8e41a0000 - 0x00007ff8e41af000 	C:\Program Files\ojdkbuild\java-1.8.0-openjdk-1.8.0.191-1\jre\bin\verify.dll
0x00007ff8da810000 - 0x00007ff8da839000 	C:\Program Files\ojdkbuild\java-1.8.0-openjdk-1.8.0.191-1\jre\bin\java.dll
0x00007ff8ccdc0000 - 0x00007ff8ccdd6000 	C:\Program Files\ojdkbuild\java-1.8.0-openjdk-1.8.0.191-1\jre\bin\zip.dll

VM Arguments:
jvm_args: -Dfile.encoding=UTF-8 
java_command: com.akka.profiles.actor.Main
java_class_path (initial): C:\Users\zzang\git\profile2\target\classes;C:\Users\zzang\.m2\repository\com\typesafe\akka\akka-http_2.12\10.1.10\akka-http_2.12-10.1.10.jar;C:\Users\zzang\.m2\repository\org\scala-lang\scala-library\2.12.9\scala-library-2.12.9.jar;C:\Users\zzang\.m2\repository\com\typesafe\akka\akka-http-core_2.12\10.1.10\akka-http-core_2.12-10.1.10.jar;C:\Users\zzang\.m2\repository\com\typesafe\akka\akka-parsing_2.12\10.1.10\akka-parsing_2.12-10.1.10.jar;C:\Users\zzang\.m2\repository\com\typesafe\akka\akka-stream_2.12\2.6.0\akka-stream_2.12-2.6.0.jar;C:\Users\zzang\.m2\repository\com\typesafe\akka\akka-actor_2.12\2.6.0\akka-actor_2.12-2.6.0.jar;C:\Users\zzang\.m2\repository\org\scala-lang\modules\scala-java8-compat_2.12\0.8.0\scala-java8-compat_2.12-0.8.0.jar;C:\Users\zzang\.m2\repository\com\typesafe\akka\akka-protobuf-v3_2.12\2.6.0\akka-protobuf-v3_2.12-2.6.0.jar;C:\Users\zzang\.m2\repository\com\google\protobuf\protobuf-java\3.10.0\protobuf-java-3.10.0.jar;C:\Users\zzang\.m2\repository\org\reactivestreams\reactive-streams\1.0.3\reactive-streams-1.0.3.jar;C:\Users\zzang\.m2\repository\com\typesafe\ssl-config-core_2.12\0.4.0\ssl-config-core_2.12-0.4.0.jar;C:\Users\zzang\.m2\repository\org\scala-lang\modules\scala-parser-combinators_2.12\1.1.2\scala-parser-combinators_2.12-1.1.2.jar;C:\Users\zzang\.m2\repository\com\typesafe\akka\akka-http-jackson_2.12\10.1.10\akka-http-jackson_2.12-10.1.10.jar;C:\Users\zzang\.m2\repository\com\fasterxml\jackson\core\jackson-databind\2.9.9.3\jackson-databind-2.9.9.3.jar;C:\Users\zzang\.m2\repository\com\fasterxml\jackson\core\jackson-annotations\2.9.0\jackson-annotations-2.9.0.jar;C:\Users\zzang\.m2\repository\com\fasterxml\jackson\core\jackson-core\2.9.9\jackson-core-2.9.9.jar;C:\Users\zzang\.m2\repository\com\typesafe\akka\akka-actor_2.13\2.6.0\akka-actor_2.13-2.6.0.jar;C:\Users\zzang\.m2\repository\com\typesafe\config\1.4.0\config-1.4.0.jar;C:\Users\zzang\.m2\repository\org\scala-lang\modules\scala-java8-compat_2.13
Launcher Type: SUN_STANDARD

Environment Variables:
PATH=C:/Program Files/ojdkbuild/java-1.8.0-openjdk-1.8.0.191-1/bin/../jre/bin/server;C:/Program Files/ojdkbuild/java-1.8.0-openjdk-1.8.0.191-1/bin/../jre/bin;C:/Program Files/ojdkbuild/java-1.8.0-openjdk-1.8.0.191-1/bin/../jre/lib/amd64;C:\Program Files (x86)\NAT Service;C:\WINDOWS\system32;C:\WINDOWS;C:\WINDOWS\System32\Wbem;C:\WINDOWS\System32\WindowsPowerShell\v1.0\;C:\WINDOWS\System32\OpenSSH\;C:\Program Files\ojdkbuild\java-1.8.0-openjdk-1.8.0.191-1\bin;C:\Program Files\nodejs\;C:\Program Files\ojdkbuild\java-12-openjdk-12.0.2-1\bin;C:\Apache24\bin;C:\Users\zzang\AppData\Local\Microsoft\WindowsApps;C:\Users\zzang\AppData\Roaming\npm;C:\Program Files\Bandizip\;;C:\WINDOWS\System32;
USERNAME=zzang
OS=Windows_NT
PROCESSOR_IDENTIFIER=Intel64 Family 6 Model 58 Stepping 9, GenuineIntel



---------------  S Y S T E M  ---------------

OS: Windows 10.0 , 64 bit Build 18362 (10.0.18362.329)

CPU:total 4 (initial active 4) (4 cores per cpu, 1 threads per core) family 6 model 58 stepping 9, cmov, cx8, fxsr, mmx, sse, sse2, sse3, ssse3, sse4.1, sse4.2, popcnt, avx, aes, clmul, erms, tsc, tscinvbit, tscinv

Memory: 4k page, physical 8350208k(442060k free), swap 22862388k(5608k free)

vm_info: OpenJDK 64-Bit Server VM (25.191-b12) for windows-amd64 JRE (1.8.0_191-1-ojdkbuild-b12), built on Oct 20 2018 16:17:31 by "Administrator" with MS VC++ 10.0 (VS2010)

time: Wed Nov 20 23:29:38 2019
elapsed time: 0 seconds (0d 0h 0m 0s)

