#
# There is insufficient memory for the Java Runtime Environment to continue.
# Native memory allocation (malloc) failed to allocate 32744 bytes for ChunkPool::allocate
# Possible reasons:
#   The system is out of physical RAM or swap space
#   In 32 bit mode, the process size limit was hit
# Possible solutions:
#   Reduce memory load on the system
#   Increase physical memory or swap space
#   Check if swap backing store is full
#   Use 64 bit Java on a 64 bit OS
#   Decrease Java heap size (-Xmx/-Xms)
#   Decrease number of Java threads
#   Decrease Java thread stack sizes (-Xss)
#   Set larger code cache with -XX:ReservedCodeCacheSize=
# This output file may be truncated or incomplete.
#
#  Out of Memory Error (allocation.cpp:273), pid=69232, tid=0x0000000000008b50
#
# JRE version: OpenJDK Runtime Environment (8.0_191-b12) (build 1.8.0_191-1-ojdkbuild-b12)
# Java VM: OpenJDK 64-Bit Server VM (25.191-b12 mixed mode windows-amd64 compressed oops)
# Failed to write core dump. Minidumps are not enabled by default on client versions of Windows
#

---------------  T H R E A D  ---------------

Current thread (0x00000000176ba000):  JavaThread "C2 CompilerThread0" daemon [_thread_in_native, id=35664, stack(0x0000000019170000,0x0000000019270000)]

Stack: [0x0000000019170000,0x0000000019270000]
[error occurred during error reporting (printing stack bounds), id 0xc0000005]

Native frames: (J=compiled Java code, j=interpreted, Vv=VM code, C=native code)


Current CompileTask:
C2:    228   53       4       java.lang.String::hashCode (55 bytes)


---------------  P R O C E S S  ---------------

Java Threads: ( => current thread )
  0x0000000018c4f000 JavaThread "Service Thread" daemon [_thread_blocked, id=72008, stack(0x0000000019470000,0x0000000019570000)]
  0x0000000018bc6800 JavaThread "C1 CompilerThread2" daemon [_thread_in_native, id=71396, stack(0x0000000019370000,0x0000000019470000)]
  0x0000000018bc3800 JavaThread "C2 CompilerThread1" daemon [_thread_in_native, id=37340, stack(0x0000000019270000,0x0000000019370000)]
=>0x00000000176ba000 JavaThread "C2 CompilerThread0" daemon [_thread_in_native, id=35664, stack(0x0000000019170000,0x0000000019270000)]
  0x00000000176b8800 JavaThread "Attach Listener" daemon [_thread_blocked, id=35524, stack(0x0000000019070000,0x0000000019170000)]
  0x00000000176b7000 JavaThread "Signal Dispatcher" daemon [_thread_blocked, id=70168, stack(0x0000000018f70000,0x0000000019070000)]
  0x000000001768d800 JavaThread "Finalizer" daemon [_thread_blocked, id=73588, stack(0x0000000018a70000,0x0000000018b70000)]
  0x000000001767e800 JavaThread "Reference Handler" daemon [_thread_blocked, id=70492, stack(0x0000000018970000,0x0000000018a70000)]
  0x00000000029d4800 JavaThread "main" [_thread_in_Java, id=69108, stack(0x0000000002890000,0x0000000002990000)]

Other Threads:
  0x00000000175a3800 VMThread [stack: 0x0000000018870000,0x0000000018970000] [id=72732]
  0x0000000018c05000 WatcherThread [stack: 0x0000000019570000,0x0000000019670000] [id=37912]

VM state:not at safepoint (normal execution)

VM Mutex/Monitor currently owned by a thread: None

Heap:
 PSYoungGen      total 38400K, used 3335K [0x00000000d5800000, 0x00000000d8280000, 0x0000000100000000)
  eden space 33280K, 10% used [0x00000000d5800000,0x00000000d5b41c40,0x00000000d7880000)
  from space 5120K, 0% used [0x00000000d7d80000,0x00000000d7d80000,0x00000000d8280000)
  to   space 5120K, 0% used [0x00000000d7880000,0x00000000d7880000,0x00000000d7d80000)
 ParOldGen       total 87552K, used 0K [0x0000000080800000, 0x0000000085d80000, 0x00000000d5800000)
  object space 87552K, 0% used [0x0000000080800000,0x0000000080800000,0x0000000085d80000)
 Metaspace       used 3116K, capacity 4564K, committed 4864K, reserved 1056768K
  class space    used 290K, capacity 388K, committed 512K, reserved 1048576K

Card table byte_map: [0x0000000011e50000,0x0000000012250000] byte_map_base: 0x0000000011a4c000

Marking Bits: (ParMarkBitMap*) 0x00000000530f6bc0
 Begin Bits: [0x0000000012900000, 0x00000000148e0000)
 End Bits:   [0x00000000148e0000, 0x00000000168c0000)

Polling page: 0x00000000003f0000

CodeCache: size=245760Kb used=1140Kb max_used=1140Kb free=244619Kb
 bounds [0x0000000002a90000, 0x0000000002d00000, 0x0000000011a90000]
 total_blobs=285 nmethods=49 adapters=150
 compilation: enabled

Compilation events (97 events):
Event: 0.190 Thread 0x0000000018bc6800    1       3       java.lang.String::hashCode (55 bytes)
Event: 0.190 Thread 0x0000000018bc6800 nmethod 1 0x0000000002b8f590 code [0x0000000002b8f700, 0x0000000002b8f990]
Event: 0.190 Thread 0x0000000018bc6800    2       3       java.lang.System::getSecurityManager (4 bytes)
Event: 0.190 Thread 0x0000000018bc6800 nmethod 2 0x0000000002b92190 code [0x0000000002b922e0, 0x0000000002b92410]
Event: 0.193 Thread 0x0000000018bc6800    3       3       java.lang.AbstractStringBuilder::ensureCapacityInternal (27 bytes)
Event: 0.193 Thread 0x0000000018bc3800    4       4       java.lang.String::charAt (29 bytes)
Event: 0.193 Thread 0x0000000018bc6800 nmethod 3 0x0000000002b90f90 code [0x0000000002b91120, 0x0000000002b91598]
Event: 0.193 Thread 0x0000000018bc6800    5       3       java.lang.CharacterData::of (120 bytes)
Event: 0.193 Thread 0x0000000018bc6800 nmethod 5 0x0000000002b93a10 code [0x0000000002b93bc0, 0x0000000002b94170]
Event: 0.193 Thread 0x0000000018bc6800    6       3       java.lang.CharacterDataLatin1::getProperties (11 bytes)
Event: 0.193 Thread 0x0000000018bc6800 nmethod 6 0x0000000002b93650 code [0x0000000002b937a0, 0x0000000002b93930]
Event: 0.193 Thread 0x0000000018bc6800    7       3       java.lang.Character::toLowerCase (9 bytes)
Event: 0.193 Thread 0x0000000018bc6800 nmethod 7 0x0000000002b931d0 code [0x0000000002b93340, 0x0000000002b93578]
Event: 0.193 Thread 0x0000000018bc6800    8       3       java.lang.CharacterDataLatin1::toLowerCase (39 bytes)
Event: 0.193 Thread 0x0000000018bc3800 nmethod 4 0x0000000002b92ed0 code [0x0000000002b93020, 0x0000000002b930d8]
Event: 0.193 Thread 0x0000000018bc6800 nmethod 8 0x0000000002b9ec50 code [0x0000000002b9edc0, 0x0000000002b9f030]
Event: 0.193 Thread 0x0000000018bc6800   10       3       java.lang.String::indexOf (70 bytes)
Event: 0.194 Thread 0x0000000018bc6800 nmethod 10 0x0000000002b9e5d0 code [0x0000000002b9e760, 0x0000000002b9eae8]
Event: 0.194 Thread 0x0000000018bc6800    9       3       java.lang.AbstractStringBuilder::append (29 bytes)
Event: 0.194 Thread 0x0000000018bc6800 nmethod 9 0x0000000002b9dc50 code [0x0000000002b9de00, 0x0000000002b9e338]
Event: 0.194 Thread 0x0000000018bc6800   13       3       java.lang.Object::<init> (1 bytes)
Event: 0.194 Thread 0x0000000018bc6800 nmethod 13 0x0000000002b9d910 code [0x0000000002b9da60, 0x0000000002b9dbb0]
Event: 0.194 Thread 0x0000000018bc6800   12       3       java.lang.StringBuilder::append (8 bytes)
Event: 0.194 Thread 0x00000000176ba000   18       4       java.lang.String::length (6 bytes)
Event: 0.194 Thread 0x0000000018bc6800 nmethod 12 0x0000000002b9cad0 code [0x0000000002b9cc80, 0x0000000002b9d218]
Event: 0.194 Thread 0x0000000018bc6800   14       3       java.io.WinNTFileSystem::isSlash (18 bytes)
Event: 0.194 Thread 0x00000000176ba000 nmethod 18 0x0000000002b9c890 code [0x0000000002b9c9c0, 0x0000000002b9ca38]
Event: 0.194 Thread 0x0000000018bc6800 nmethod 14 0x0000000002b9c4d0 code [0x0000000002b9c620, 0x0000000002b9c810]
Event: 0.194 Thread 0x0000000018bc6800   11       3       java.lang.String::getChars (62 bytes)
Event: 0.194 Thread 0x0000000018bc6800 nmethod 11 0x0000000002ba1610 code [0x0000000002ba17c0, 0x0000000002ba1bf8]
Event: 0.194 Thread 0x0000000018bc6800   16       3       java.lang.Math::min (11 bytes)
Event: 0.195 Thread 0x0000000018bc6800 nmethod 16 0x0000000002ba12d0 code [0x0000000002ba1420, 0x0000000002ba15b0]
Event: 0.195 Thread 0x0000000018bc6800   15  s    3       java.lang.StringBuffer::append (13 bytes)
Event: 0.195 Thread 0x0000000018bc6800 nmethod 15 0x0000000002ba0650 code [0x0000000002ba0800, 0x0000000002ba0f18]
Event: 0.195 Thread 0x0000000018bc6800   19       3       java.util.Arrays::copyOfRange (63 bytes)
Event: 0.195 Thread 0x0000000018bc6800 nmethod 19 0x0000000002b9f3d0 code [0x0000000002b9f5e0, 0x0000000002ba0118]
Event: 0.195 Thread 0x0000000018bc6800   20       3       java.lang.String::<init> (82 bytes)
Event: 0.196 Thread 0x0000000018bc6800 nmethod 20 0x0000000002ba1e10 code [0x0000000002ba1fe0, 0x0000000002ba24d8]
Event: 0.196 Thread 0x0000000018bc6800   21       3       java.lang.Character::toLowerCase (6 bytes)
Event: 0.196 Thread 0x0000000018bc6800 nmethod 21 0x0000000002ba2750 code [0x0000000002ba28c0, 0x0000000002ba2b58]
Event: 0.196 Thread 0x0000000018bc6800   22       1       java.io.File::getPath (5 bytes)
Event: 0.196 Thread 0x0000000018bc6800 nmethod 22 0x0000000002ba2c90 code [0x0000000002ba2de0, 0x0000000002ba2ef0]
Event: 0.204 Thread 0x0000000018bc6800   23       3       java.lang.String::equals (81 bytes)
Event: 0.204 Thread 0x0000000018bc6800 nmethod 23 0x0000000002ba3350 code [0x0000000002ba34e0, 0x0000000002ba3a30]
Event: 0.208 Thread 0x0000000018bc6800   24       3       sun.nio.cs.ext.DoubleByte$Encoder::encodeChar (21 bytes)
Event: 0.208 Thread 0x0000000018bc6800 nmethod 24 0x0000000002ba4010 code [0x0000000002ba4180, 0x0000000002ba4330]
Event: 0.209 Thread 0x0000000018bc6800   25       3       java.lang.Math::max (11 bytes)
Event: 0.209 Thread 0x0000000018bc6800 nmethod 25 0x0000000002ba4490 code [0x0000000002ba45e0, 0x0000000002ba4770]
Event: 0.209 Thread 0x0000000018bc3800   26       4       java.lang.Math::max (11 bytes)
Event: 0.210 Thread 0x0000000018bc3800 nmethod 26 0x0000000002ba7410 code [0x0000000002ba7540, 0x0000000002ba7598]
Event: 0.217 Thread 0x0000000018bc6800   27       3       java.util.jar.Attributes$Name::isValid (32 bytes)
Event: 0.217 Thread 0x00000000176ba000   29       4       sun.misc.ASCIICaseInsensitiveComparator::toLower (16 bytes)
Event: 0.217 Thread 0x0000000018bc3800   30       4       sun.misc.ASCIICaseInsensitiveComparator::isUpper (18 bytes)
Event: 0.217 Thread 0x0000000018bc6800 nmethod 27 0x0000000002ba6d50 code [0x0000000002ba6ec0, 0x0000000002ba7350]
Event: 0.217 Thread 0x0000000018bc6800   28       3       java.util.jar.Attributes$Name::isAlpha (30 bytes)
Event: 0.217 Thread 0x00000000176ba000 nmethod 29 0x0000000002ba5650 code [0x0000000002ba5780, 0x0000000002ba57d8]
Event: 0.217 Thread 0x0000000018bc3800 nmethod 30 0x0000000002ba5450 code [0x0000000002ba5580, 0x0000000002ba55d8]
Event: 0.217 Thread 0x0000000018bc6800 nmethod 28 0x0000000002ba5050 code [0x0000000002ba51a0, 0x0000000002ba53d0]
Event: 0.218 Thread 0x0000000018bc6800   31       3       java.util.jar.Manifest$FastInputStream::readLine (167 bytes)
Event: 0.218 Thread 0x0000000018bc6800 nmethod 31 0x0000000002ba6310 code [0x0000000002ba64c0, 0x0000000002ba6a78]
Event: 0.218 Thread 0x0000000018bc6800   32       1       java.lang.Object::<init> (1 bytes)
Event: 0.218 Thread 0x0000000018bc6800 nmethod 32 0x0000000002ba4d90 code [0x0000000002ba4ee0, 0x0000000002ba4ff0]
Event: 0.218 Thread 0x0000000018bc6800   33       3       java.lang.String::indexOf (7 bytes)
Event: 0.218 Thread 0x0000000018bc6800 nmethod 33 0x0000000002ba4990 code [0x0000000002ba4b00, 0x0000000002ba4d08]
Event: 0.218 Thread 0x0000000018bc6800   34       3       java.io.WinNTFileSystem::normalize (143 bytes)
Event: 0.219 Thread 0x0000000018bc6800 nmethod 34 0x0000000002baac10 code [0x0000000002baae00, 0x0000000002bab628]
Event: 0.219 Thread 0x0000000018bc6800   35       3       java.lang.AbstractStringBuilder::append (50 bytes)
Event: 0.219 Thread 0x0000000018bc6800 nmethod 35 0x0000000002ba9fd0 code [0x0000000002baa1a0, 0x0000000002baa8f8]
Event: 0.219 Thread 0x0000000018bc6800   36       3       java.lang.String::indexOf (166 bytes)
Event: 0.219 Thread 0x0000000018bc6800 nmethod 36 0x0000000002ba9410 code [0x0000000002ba95c0, 0x0000000002ba9c10]
Event: 0.219 Thread 0x0000000018bc6800   38       3       java.lang.String::startsWith (72 bytes)
Event: 0.219 Thread 0x0000000018bc6800 nmethod 38 0x0000000002ba5c90 code [0x0000000002ba5e00, 0x0000000002ba6130]
Event: 0.219 Thread 0x0000000018bc6800   37       3       java.util.HashMap::hash (20 bytes)
Event: 0.220 Thread 0x0000000018bc6800 nmethod 37 0x0000000002ba8f90 code [0x0000000002ba9100, 0x0000000002ba9348]
Event: 0.220 Thread 0x0000000018bc6800   39       1       java.util.ArrayList::size (5 bytes)
Event: 0.220 Thread 0x0000000018bc6800 nmethod 39 0x0000000002ba59d0 code [0x0000000002ba5b20, 0x0000000002ba5c30]
Event: 0.220 Thread 0x0000000018bc6800   40       3       java.lang.StringBuilder::append (8 bytes)
Event: 0.220 Thread 0x0000000018bc6800 nmethod 40 0x0000000002ba8490 code [0x0000000002ba8600, 0x0000000002ba8788]
Event: 0.221 Thread 0x0000000018bc6800   41       1       java.lang.ref.Reference::get (5 bytes)
Event: 0.221 Thread 0x0000000018bc6800 nmethod 41 0x0000000002ba81d0 code [0x0000000002ba8320, 0x0000000002ba8430]
Event: 0.221 Thread 0x0000000018bc6800   42       1       java.lang.ThreadLocal::access$400 (5 bytes)
Event: 0.221 Thread 0x0000000018bc6800 nmethod 42 0x0000000002ba7f10 code [0x0000000002ba8060, 0x0000000002ba8150]
Event: 0.221 Thread 0x0000000018bc6800   43       3       java.util.HashMap::getNode (148 bytes)
Event: 0.221 Thread 0x0000000018bc6800 nmethod 43 0x0000000002bab9d0 code [0x0000000002babba0, 0x0000000002bac548]
Event: 0.221 Thread 0x0000000018bc6800   44       3       java.util.jar.Manifest$FastInputStream::readLine (9 bytes)
Event: 0.221 Thread 0x0000000018bc6800 nmethod 44 0x0000000002ba7b10 code [0x0000000002ba7c80, 0x0000000002ba7e28]
Event: 0.221 Thread 0x0000000018bc6800   45       3       java.util.jar.Manifest$FastInputStream::peek (38 bytes)
Event: 0.222 Thread 0x0000000018bc6800 nmethod 45 0x0000000002ba7610 code [0x0000000002ba7780, 0x0000000002ba79c8]
Event: 0.222 Thread 0x0000000018bc6800   46       1       java.lang.StringCoding$StringDecoder::requestedCharsetName (5 bytes)
Event: 0.222 Thread 0x0000000018bc6800 nmethod 46 0x0000000002bac810 code [0x0000000002bac960, 0x0000000002baca70]
Event: 0.222 Thread 0x0000000018bc6800   47       1       java.util.HashMap::size (5 bytes)
Event: 0.222 Thread 0x0000000018bc6800 nmethod 47 0x0000000002bacad0 code [0x0000000002bacc20, 0x0000000002bacd30]
Event: 0.222 Thread 0x0000000018bc6800   48       3       java.util.jar.Manifest::toLower (24 bytes)
Event: 0.222 Thread 0x0000000018bc6800 nmethod 48 0x0000000002bad110 code [0x0000000002bad260, 0x0000000002bad450]
Event: 0.222 Thread 0x0000000018bc6800   50       3       sun.nio.cs.UTF_8$Decoder::decode (779 bytes)
Event: 0.222 Thread 0x00000000176ba000   53       4       java.lang.String::hashCode (55 bytes)
Event: 0.223 Thread 0x0000000018bc3800   57       4       java.util.jar.Manifest$FastInputStream::readLine (167 bytes)

GC Heap History (0 events):
No events

Deoptimization events (0 events):
No events

Classes redefined (0 events):
No events

Internal exceptions (2 events):
Event: 0.048 Thread 0x00000000029d4800 Exception <a 'java/lang/NoSuchMethodError': Method sun.misc.Unsafe.defineClass(Ljava/lang/String;[BII)Ljava/lang/Class; name or signature does not match> (0x00000000d5807cb0) thrown at [C:\ojdkbuild\lookaside\java-1.8.0-openjdk\hotspot\src\share\vm\prims\
Event: 0.048 Thread 0x00000000029d4800 Exception <a 'java/lang/NoSuchMethodError': Method sun.misc.Unsafe.prefetchRead(Ljava/lang/Object;J)V name or signature does not match> (0x00000000d5807f98) thrown at [C:\ojdkbuild\lookaside\java-1.8.0-openjdk\hotspot\src\share\vm\prims\jni.cpp, line 4017

Events (250 events):
Event: 0.103 loading class java/util/concurrent/ConcurrentHashMap$ValuesView
Event: 0.103 loading class java/util/concurrent/ConcurrentHashMap$ValuesView done
Event: 0.103 loading class java/util/concurrent/ConcurrentHashMap$EntrySetView
Event: 0.103 loading class java/util/concurrent/ConcurrentHashMap$EntrySetView done
Event: 0.103 loading class sun/util/locale/BaseLocale
Event: 0.103 loading class sun/util/locale/BaseLocale done
Event: 0.103 loading class sun/util/locale/BaseLocale$Cache
Event: 0.103 loading class sun/util/locale/BaseLocale$Cache done
Event: 0.103 loading class sun/util/locale/BaseLocale$Key
Event: 0.104 loading class sun/util/locale/BaseLocale$Key done
Event: 0.104 loading class sun/util/locale/LocaleObjectCache$CacheEntry
Event: 0.104 loading class sun/util/locale/LocaleObjectCache$CacheEntry done
Event: 0.104 loading class java/util/Locale$LocaleKey
Event: 0.104 loading class java/util/Locale$LocaleKey done
Event: 0.104 loading class sun/util/locale/LocaleUtils
Event: 0.104 loading class sun/util/locale/LocaleUtils done
Event: 0.104 loading class java/lang/CharacterData
Event: 0.104 loading class java/lang/CharacterData done
Event: 0.104 loading class java/lang/CharacterDataLatin1
Event: 0.105 loading class java/lang/CharacterDataLatin1 done
Event: 0.105 loading class java/util/HashMap$TreeNode
Event: 0.105 loading class java/util/HashMap$TreeNode done
Event: 0.106 loading class java/io/FileInputStream$1
Event: 0.106 loading class java/io/FileInputStream$1 done
Event: 0.109 loading class sun/net/www/ParseUtil
Event: 0.109 loading class sun/net/www/ParseUtil done
Event: 0.109 loading class java/util/BitSet
Event: 0.109 loading class java/util/BitSet done
Event: 0.110 loading class java/net/Parts
Event: 0.110 loading class java/net/Parts done
Event: 0.110 loading class sun/net/www/protocol/file/Handler
Event: 0.110 loading class java/net/URLStreamHandler
Event: 0.110 loading class java/net/URLStreamHandler done
Event: 0.110 loading class sun/net/www/protocol/file/Handler done
Event: 0.115 loading class java/security/ProtectionDomain$JavaSecurityAccessImpl
Event: 0.115 loading class sun/misc/JavaSecurityAccess
Event: 0.115 loading class sun/misc/JavaSecurityAccess done
Event: 0.115 loading class java/security/ProtectionDomain$JavaSecurityAccessImpl done
Event: 0.115 loading class java/security/ProtectionDomain$2
Event: 0.115 loading class sun/misc/JavaSecurityProtectionDomainAccess
Event: 0.115 loading class sun/misc/JavaSecurityProtectionDomainAccess done
Event: 0.115 loading class java/security/ProtectionDomain$2 done
Event: 0.115 loading class java/security/ProtectionDomain$Key
Event: 0.115 loading class java/security/ProtectionDomain$Key done
Event: 0.115 loading class java/security/Principal
Event: 0.115 loading class java/security/Principal done
Event: 0.115 loading class java/util/HashSet
Event: 0.115 loading class java/util/HashSet done
Event: 0.116 loading class sun/misc/URLClassPath
Event: 0.116 loading class sun/misc/URLClassPath done
Event: 0.116 loading class sun/net/www/protocol/jar/Handler
Event: 0.116 loading class sun/net/www/protocol/jar/Handler done
Event: 0.117 loading class sun/misc/Launcher$AppClassLoader$1
Event: 0.117 loading class sun/misc/Launcher$AppClassLoader$1 done
Event: 0.187 loading class java/lang/SystemClassLoaderAction
Event: 0.188 loading class java/lang/SystemClassLoaderAction done
Event: 0.188 Thread 0x00000000176b7000 Thread added: 0x00000000176b7000
Event: 0.188 Thread 0x00000000176b8800 Thread added: 0x00000000176b8800
Event: 0.188 Thread 0x00000000176ba000 Thread added: 0x00000000176ba000
Event: 0.188 Thread 0x0000000018bc3800 Thread added: 0x0000000018bc3800
Event: 0.188 Thread 0x0000000018bc6800 Thread added: 0x0000000018bc6800
Event: 0.188 loading class java/lang/invoke/MethodHandleImpl
Event: 0.189 loading class java/lang/invoke/MethodHandleImpl done
Event: 0.189 loading class java/lang/invoke/MethodHandleImpl$1
Event: 0.189 loading class java/lang/invoke/MethodHandleImpl$1 done
Event: 0.189 loading class java/lang/invoke/MethodHandleImpl$2
Event: 0.189 loading class java/util/function/Function
Event: 0.189 loading class java/util/function/Function done
Event: 0.189 loading class java/lang/invoke/MethodHandleImpl$2 done
Event: 0.189 loading class java/lang/invoke/MethodHandleImpl$3
Event: 0.189 loading class java/lang/invoke/MethodHandleImpl$3 done
Event: 0.189 loading class java/lang/invoke/MethodHandleImpl$4
Event: 0.189 loading class java/lang/ClassValue
Event: 0.189 loading class java/lang/ClassValue done
Event: 0.189 loading class java/lang/invoke/MethodHandleImpl$4 done
Event: 0.189 loading class java/lang/ClassValue$Entry
Event: 0.189 loading class java/lang/ClassValue$Entry done
Event: 0.189 loading class java/lang/ClassValue$Identity
Event: 0.189 loading class java/lang/ClassValue$Identity done
Event: 0.189 loading class java/lang/ClassValue$Version
Event: 0.189 loading class java/lang/ClassValue$Version done
Event: 0.189 loading class java/lang/invoke/MemberName$Factory
Event: 0.190 loading class java/lang/invoke/MemberName$Factory done
Event: 0.190 loading class java/lang/invoke/MethodHandleStatics
Event: 0.190 loading class java/lang/invoke/MethodHandleStatics done
Event: 0.190 loading class java/lang/invoke/MethodHandleStatics$1
Event: 0.190 loading class java/lang/invoke/MethodHandleStatics$1 done
Event: 0.190 Thread 0x0000000018c4f000 Thread added: 0x0000000018c4f000
Event: 0.190 loading class sun/misc/PostVMInitHook
Event: 0.190 loading class sun/misc/PostVMInitHook done
Event: 0.190 loading class sun/launcher/LauncherHelper
Event: 0.191 loading class sun/launcher/LauncherHelper done
Event: 0.191 loading class com/akka/profiles/actor/Main
Event: 0.191 loading class com/akka/profiles/actor/Main done
Event: 0.191 loading class java/net/URLClassLoader$1
Event: 0.191 loading class java/net/URLClassLoader$1 done
Event: 0.191 loading class sun/net/util/URLUtil
Event: 0.191 loading class sun/net/util/URLUtil done
Event: 0.191 loading class sun/misc/URLClassPath$3
Event: 0.191 loading class sun/misc/URLClassPath$3 done
Event: 0.191 loading class sun/misc/URLClassPath$JarLoader
Event: 0.191 loading class sun/misc/URLClassPath$Loader
Event: 0.191 loading class sun/misc/URLClassPath$Loader done
Event: 0.191 loading class sun/misc/URLClassPath$JarLoader done
Event: 0.192 loading class java/util/zip/ZipFile
Event: 0.192 loading class java/util/zip/ZipConstants
Event: 0.192 loading class java/util/zip/ZipConstants done
Event: 0.192 loading class java/util/zip/ZipFile done
Event: 0.192 loading class java/util/zip/ZipFile$1
Event: 0.192 loading class sun/misc/JavaUtilZipFileAccess
Event: 0.192 loading class sun/misc/JavaUtilZipFileAccess done
Event: 0.192 loading class java/util/zip/ZipFile$1 done
Event: 0.192 loading class sun/nio/cs/ThreadLocalCoders
Event: 0.192 loading class sun/nio/cs/ThreadLocalCoders done
Event: 0.192 loading class sun/nio/cs/ThreadLocalCoders$1
Event: 0.192 loading class sun/nio/cs/ThreadLocalCoders$Cache
Event: 0.192 loading class sun/nio/cs/ThreadLocalCoders$Cache done
Event: 0.192 loading class sun/nio/cs/ThreadLocalCoders$1 done
Event: 0.192 loading class sun/nio/cs/ThreadLocalCoders$2
Event: 0.192 loading class sun/nio/cs/ThreadLocalCoders$2 done
Event: 0.195 loading class sun/misc/URLClassPath$FileLoader
Event: 0.195 loading class sun/misc/URLClassPath$FileLoader done
Event: 0.196 loading class sun/misc/URLClassPath$FileLoader$1
Event: 0.196 loading class sun/misc/Resource
Event: 0.196 loading class sun/misc/Resource done
Event: 0.196 loading class sun/misc/URLClassPath$FileLoader$1 done
Event: 0.196 loading class java/lang/Package
Event: 0.196 loading class java/lang/Package done
Event: 0.196 loading class sun/nio/ByteBuffered
Event: 0.197 loading class sun/nio/ByteBuffered done
Event: 0.197 loading class sun/misc/PerfCounter
Event: 0.197 loading class sun/misc/PerfCounter done
Event: 0.197 loading class sun/misc/Perf$GetPerfAction
Event: 0.197 loading class sun/misc/Perf$GetPerfAction done
Event: 0.197 loading class sun/misc/Perf
Event: 0.197 loading class sun/misc/Perf done
Event: 0.197 loading class sun/misc/PerfCounter$CoreCounters
Event: 0.197 loading class sun/misc/PerfCounter$CoreCounters done
Event: 0.197 loading class sun/nio/ch/DirectBuffer
Event: 0.197 loading class sun/nio/ch/DirectBuffer done
Event: 0.197 loading class java/nio/DirectByteBuffer
Event: 0.197 loading class java/nio/MappedByteBuffer
Event: 0.197 loading class java/nio/MappedByteBuffer done
Event: 0.197 loading class java/nio/DirectByteBuffer done
Event: 0.198 loading class java/nio/DirectLongBufferU
Event: 0.198 loading class java/nio/LongBuffer
Event: 0.198 loading class java/nio/LongBuffer done
Event: 0.198 loading class java/nio/DirectLongBufferU done
Event: 0.198 loading class java/security/Permissions
Event: 0.198 loading class java/security/PermissionCollection
Event: 0.198 loading class java/security/PermissionCollection done
Event: 0.198 loading class java/security/Permissions done
Event: 0.198 loading class sun/net/www/protocol/file/FileURLConnection
Event: 0.198 loading class sun/net/www/URLConnection
Event: 0.199 loading class java/net/URLConnection
Event: 0.199 loading class java/net/URLConnection done
Event: 0.199 loading class sun/net/www/URLConnection done
Event: 0.199 loading class sun/net/www/protocol/file/FileURLConnection done
Event: 0.199 loading class sun/net/www/MessageHeader
Event: 0.199 loading class sun/net/www/MessageHeader done
Event: 0.199 loading class java/io/FilePermission
Event: 0.199 loading class java/io/FilePermission done
Event: 0.199 loading class java/io/FilePermission$1
Event: 0.199 loading class java/io/FilePermission$1 done
Event: 0.201 loading class java/io/FilePermissionCollection
Event: 0.201 loading class java/io/FilePermissionCollection done
Event: 0.201 loading class java/security/AllPermission
Event: 0.201 loading class java/security/AllPermission done
Event: 0.201 loading class java/security/UnresolvedPermission
Event: 0.201 loading class java/security/UnresolvedPermission done
Event: 0.201 loading class java/security/BasicPermissionCollection
Event: 0.201 loading class java/security/BasicPermissionCollection done
Event: 0.202 loading class sun/launcher/LauncherHelper$FXHelper
Event: 0.202 loading class sun/launcher/LauncherHelper$FXHelper done
Event: 0.202 loading class java/lang/Class$MethodArray
Event: 0.202 loading class java/lang/Class$MethodArray done
Event: 0.202 loading class java/io/IOException
Event: 0.202 loading class java/io/IOException done
Event: 0.202 loading class java/lang/Void
Event: 0.202 loading class java/lang/Void done
Event: 0.203 loading class akka/actor/ActorSystem
Event: 0.203 loading class akka/actor/ActorSystem done
Event: 0.203 loading class sun/misc/URLClassPath$JarLoader$1
Event: 0.203 loading class sun/misc/URLClassPath$JarLoader$1 done
Event: 0.203 loading class sun/misc/FileURLMapper
Event: 0.203 loading class sun/misc/FileURLMapper done
Event: 0.203 loading class java/util/jar/JarFile
Event: 0.203 loading class java/util/jar/JarFile done
Event: 0.203 loading class java/util/jar/JavaUtilJarAccessImpl
Event: 0.203 loading class sun/misc/JavaUtilJarAccess
Event: 0.203 loading class sun/misc/JavaUtilJarAccess done
Event: 0.203 loading class java/util/jar/JavaUtilJarAccessImpl done
Event: 0.203 loading class java/nio/charset/StandardCharsets
Event: 0.204 loading class java/nio/charset/StandardCharsets done
Event: 0.204 loading class sun/nio/cs/US_ASCII
Event: 0.204 loading class sun/nio/cs/US_ASCII done
Event: 0.204 loading class sun/nio/cs/ISO_8859_1
Event: 0.204 loading class sun/nio/cs/ISO_8859_1 done
Event: 0.204 loading class sun/nio/cs/UTF_16BE
Event: 0.204 loading class sun/nio/cs/UTF_16BE done
Event: 0.204 loading class sun/nio/cs/UTF_16LE
Event: 0.204 loading class sun/nio/cs/UTF_16LE done
Event: 0.204 loading class sun/nio/cs/UTF_16
Event: 0.204 loading class sun/nio/cs/UTF_16 done
Event: 0.204 loading class java/util/ArrayDeque
Event: 0.204 loading class java/util/Deque
Event: 0.204 loading class java/util/Queue
Event: 0.204 loading class java/util/Queue done
Event: 0.204 loading class java/util/Deque done
Event: 0.205 loading class java/util/ArrayDeque done
Event: 0.205 loading class java/util/zip/ZipCoder
Event: 0.205 loading class java/util/zip/ZipCoder done
Event: 0.206 loading class sun/misc/JarIndex
Event: 0.206 loading class sun/misc/JarIndex done
Event: 0.206 loading class sun/misc/ExtensionDependency
Event: 0.206 loading class sun/misc/ExtensionDependency done
Event: 0.206 loading class java/util/zip/ZipEntry
Event: 0.206 loading class java/util/zip/ZipEntry done
Event: 0.206 loading class java/util/jar/JarFile$JarFileEntry
Event: 0.206 loading class java/util/jar/JarEntry
Event: 0.206 loading class java/util/jar/JarEntry done
Event: 0.206 loading class java/util/jar/JarFile$JarFileEntry done
Event: 0.207 loading class java/util/zip/ZipFile$ZipFileInputStream
Event: 0.207 loading class java/util/zip/ZipFile$ZipFileInputStream done
Event: 0.207 loading class java/util/zip/Inflater
Event: 0.207 loading class java/util/zip/Inflater done
Event: 0.207 loading class java/util/zip/ZStreamRef
Event: 0.207 loading class java/util/zip/ZStreamRef done
Event: 0.207 loading class java/util/zip/ZipFile$ZipFileInflaterInputStream
Event: 0.207 loading class java/util/zip/InflaterInputStream
Event: 0.207 loading class java/util/zip/InflaterInputStream done
Event: 0.207 loading class java/util/zip/ZipFile$ZipFileInflaterInputStream done
Event: 0.207 loading class sun/misc/IOUtils
Event: 0.207 loading class sun/misc/IOUtils done
Event: 0.216 loading class sun/misc/URLClassPath$JarLoader$2
Event: 0.216 loading class sun/misc/URLClassPath$JarLoader$2 done
Event: 0.216 loading class java/util/jar/Attributes
Event: 0.216 loading class java/util/jar/Attributes done
Event: 0.216 loading class java/util/jar/Manifest$FastInputStream
Event: 0.217 loading class java/util/jar/Manifest$FastInputStream done
Event: 0.217 loading class java/util/jar/Attributes$Name
Event: 0.217 loading class java/util/jar/Attributes$Name done
Event: 0.218 loading class akka/actor/ActorRefFactory
Event: 0.218 loading class akka/actor/ActorRefFactory done
Event: 0.219 loading class akka/actor/ClassicActorSystemProvider
Event: 0.219 loading class akka/actor/ClassicActorSystemProvider done
Event: 0.220 loading class akka/actor/ActorRef
Event: 0.220 loading class akka/actor/ActorRef done
Event: 0.220 loading class scala/Serializable
Event: 0.220 loading class scala/Serializable done


Dynamic libraries:
0x00007ff6359e0000 - 0x00007ff635a29000 	C:\Program Files\ojdkbuild\java-1.8.0-openjdk-1.8.0.191-1\bin\javaw.exe
0x00007ff8e9100000 - 0x00007ff8e92f0000 	C:\WINDOWS\SYSTEM32\ntdll.dll
0x00007ff8e8d20000 - 0x00007ff8e8dd2000 	C:\WINDOWS\System32\KERNEL32.DLL
0x00007ff8e6090000 - 0x00007ff8e6333000 	C:\WINDOWS\System32\KERNELBASE.dll
0x00007ff8e8de0000 - 0x00007ff8e8e83000 	C:\WINDOWS\System32\ADVAPI32.dll
0x00007ff8e8c80000 - 0x00007ff8e8d1e000 	C:\WINDOWS\System32\msvcrt.dll
0x00007ff8e77f0000 - 0x00007ff8e7887000 	C:\WINDOWS\System32\sechost.dll
0x00007ff8e8b60000 - 0x00007ff8e8c80000 	C:\WINDOWS\System32\RPCRT4.dll
0x00007ff8e7890000 - 0x00007ff8e7a24000 	C:\WINDOWS\System32\USER32.dll
0x00007ff8e6520000 - 0x00007ff8e6541000 	C:\WINDOWS\System32\win32u.dll
0x00007ff8e71b0000 - 0x00007ff8e71d6000 	C:\WINDOWS\System32\GDI32.dll
0x00007ff8e6650000 - 0x00007ff8e67e4000 	C:\WINDOWS\System32\gdi32full.dll
0x00007ff8e67f0000 - 0x00007ff8e688e000 	C:\WINDOWS\System32\msvcp_win.dll
0x00007ff8e6550000 - 0x00007ff8e664a000 	C:\WINDOWS\System32\ucrtbase.dll
0x00007ff8d76a0000 - 0x00007ff8d7925000 	C:\WINDOWS\WinSxS\amd64_microsoft.windows.common-controls_6595b64144ccf1df_6.0.18362.476_none_e6c4b11b130f2595\COMCTL32.dll
0x00007ff8e8470000 - 0x00007ff8e87a6000 	C:\WINDOWS\System32\combase.dll
0x00007ff8e6480000 - 0x00007ff8e6500000 	C:\WINDOWS\System32\bcryptPrimitives.dll
0x00007ff8e7b50000 - 0x00007ff8e7b7e000 	C:\WINDOWS\System32\IMM32.DLL
0x00000000522d0000 - 0x00000000523a2000 	C:\Program Files\ojdkbuild\java-1.8.0-openjdk-1.8.0.191-1\jre\bin\msvcr100.dll
0x00000000528a0000 - 0x0000000053180000 	C:\Program Files\ojdkbuild\java-1.8.0-openjdk-1.8.0.191-1\jre\bin\server\jvm.dll
0x00007ff8e8b50000 - 0x00007ff8e8b58000 	C:\WINDOWS\System32\PSAPI.DLL
0x00007ff8e3fd0000 - 0x00007ff8e3ff4000 	C:\WINDOWS\SYSTEM32\WINMM.dll
0x00007ff8e0be0000 - 0x00007ff8e0bea000 	C:\WINDOWS\SYSTEM32\VERSION.dll
0x00007ff8e3b00000 - 0x00007ff8e3b2d000 	C:\WINDOWS\SYSTEM32\winmmbase.dll
0x00007ff8e7160000 - 0x00007ff8e71aa000 	C:\WINDOWS\System32\cfgmgr32.dll
0x00007ff8d33a0000 - 0x00007ff8d33a9000 	C:\WINDOWS\SYSTEM32\WSOCK32.dll
0x00007ff8e7b80000 - 0x00007ff8e7bef000 	C:\WINDOWS\System32\WS2_32.dll
0x00007ff8e41a0000 - 0x00007ff8e41af000 	C:\Program Files\ojdkbuild\java-1.8.0-openjdk-1.8.0.191-1\jre\bin\verify.dll
0x00007ff8da810000 - 0x00007ff8da839000 	C:\Program Files\ojdkbuild\java-1.8.0-openjdk-1.8.0.191-1\jre\bin\java.dll
0x00007ff8ccdc0000 - 0x00007ff8ccdd6000 	C:\Program Files\ojdkbuild\java-1.8.0-openjdk-1.8.0.191-1\jre\bin\zip.dll
0x00007ff8e7bf0000 - 0x00007ff8e82d5000 	C:\WINDOWS\System32\SHELL32.dll
0x00007ff8e7aa0000 - 0x00007ff8e7b49000 	C:\WINDOWS\System32\shcore.dll
0x00007ff8e6890000 - 0x00007ff8e700e000 	C:\WINDOWS\System32\windows.storage.dll
0x00007ff8e5fe0000 - 0x00007ff8e5fff000 	C:\WINDOWS\System32\profapi.dll
0x00007ff8e6040000 - 0x00007ff8e608a000 	C:\WINDOWS\System32\powrprof.dll
0x00007ff8e5fd0000 - 0x00007ff8e5fe0000 	C:\WINDOWS\System32\UMPDC.dll
0x00007ff8e71e0000 - 0x00007ff8e7232000 	C:\WINDOWS\System32\shlwapi.dll
0x00007ff8e6020000 - 0x00007ff8e6031000 	C:\WINDOWS\System32\kernel.appcore.dll
0x00007ff8e6500000 - 0x00007ff8e6517000 	C:\WINDOWS\System32\cryptsp.dll

VM Arguments:
jvm_args: -Dfile.encoding=UTF-8 
java_command: com.akka.profiles.actor.Main
java_class_path (initial): C:\Users\zzang\git\profile2\target\classes;C:\Users\zzang\.m2\repository\com\typesafe\akka\akka-http_2.12\10.1.10\akka-http_2.12-10.1.10.jar;C:\Users\zzang\.m2\repository\org\scala-lang\scala-library\2.12.9\scala-library-2.12.9.jar;C:\Users\zzang\.m2\repository\com\typesafe\akka\akka-http-core_2.12\10.1.10\akka-http-core_2.12-10.1.10.jar;C:\Users\zzang\.m2\repository\com\typesafe\akka\akka-parsing_2.12\10.1.10\akka-parsing_2.12-10.1.10.jar;C:\Users\zzang\.m2\repository\com\typesafe\akka\akka-stream_2.12\2.6.0\akka-stream_2.12-2.6.0.jar;C:\Users\zzang\.m2\repository\com\typesafe\akka\akka-actor_2.12\2.6.0\akka-actor_2.12-2.6.0.jar;C:\Users\zzang\.m2\repository\org\scala-lang\modules\scala-java8-compat_2.12\0.8.0\scala-java8-compat_2.12-0.8.0.jar;C:\Users\zzang\.m2\repository\com\typesafe\akka\akka-protobuf-v3_2.12\2.6.0\akka-protobuf-v3_2.12-2.6.0.jar;C:\Users\zzang\.m2\repository\com\google\protobuf\protobuf-java\3.10.0\protobuf-java-3.10.0.jar;C:\Users\zzang\.m2\repository\org\reactivestreams\reactive-streams\1.0.3\reactive-streams-1.0.3.jar;C:\Users\zzang\.m2\repository\com\typesafe\ssl-config-core_2.12\0.4.0\ssl-config-core_2.12-0.4.0.jar;C:\Users\zzang\.m2\repository\org\scala-lang\modules\scala-parser-combinators_2.12\1.1.2\scala-parser-combinators_2.12-1.1.2.jar;C:\Users\zzang\.m2\repository\com\typesafe\akka\akka-http-jackson_2.12\10.1.10\akka-http-jackson_2.12-10.1.10.jar;C:\Users\zzang\.m2\repository\com\fasterxml\jackson\core\jackson-databind\2.9.9.3\jackson-databind-2.9.9.3.jar;C:\Users\zzang\.m2\repository\com\fasterxml\jackson\core\jackson-annotations\2.9.0\jackson-annotations-2.9.0.jar;C:\Users\zzang\.m2\repository\com\fasterxml\jackson\core\jackson-core\2.9.9\jackson-core-2.9.9.jar;C:\Users\zzang\.m2\repository\com\typesafe\akka\akka-actor_2.13\2.6.0\akka-actor_2.13-2.6.0.jar;C:\Users\zzang\.m2\repository\com\typesafe\config\1.4.0\config-1.4.0.jar;C:\Users\zzang\.m2\repository\org\scala-lang\modules\scala-java8-compat_2.13
Launcher Type: SUN_STANDARD

Environment Variables:
PATH=C:/Program Files/ojdkbuild/java-1.8.0-openjdk-1.8.0.191-1/bin/../jre/bin/server;C:/Program Files/ojdkbuild/java-1.8.0-openjdk-1.8.0.191-1/bin/../jre/bin;C:/Program Files/ojdkbuild/java-1.8.0-openjdk-1.8.0.191-1/bin/../jre/lib/amd64;C:\Program Files (x86)\NAT Service;C:\WINDOWS\system32;C:\WINDOWS;C:\WINDOWS\System32\Wbem;C:\WINDOWS\System32\WindowsPowerShell\v1.0\;C:\WINDOWS\System32\OpenSSH\;C:\Program Files\ojdkbuild\java-1.8.0-openjdk-1.8.0.191-1\bin;C:\Program Files\nodejs\;C:\Program Files\ojdkbuild\java-12-openjdk-12.0.2-1\bin;C:\Apache24\bin;C:\Users\zzang\AppData\Local\Microsoft\WindowsApps;C:\Users\zzang\AppData\Roaming\npm;C:\Program Files\Bandizip\;;C:\WINDOWS\System32;
USERNAME=zzang
OS=Windows_NT
PROCESSOR_IDENTIFIER=Intel64 Family 6 Model 58 Stepping 9, GenuineIntel



---------------  S Y S T E M  ---------------

OS: Windows 10.0 , 64 bit Build 18362 (10.0.18362.329)

CPU:total 4 (initial active 4) (4 cores per cpu, 1 threads per core) family 6 model 58 stepping 9, cmov, cx8, fxsr, mmx, sse, sse2, sse3, ssse3, sse4.1, sse4.2, popcnt, avx, aes, clmul, erms, tsc, tscinvbit, tscinv

Memory: 4k page, physical 8350208k(433532k free), swap 22862388k(2352k free)

vm_info: OpenJDK 64-Bit Server VM (25.191-b12) for windows-amd64 JRE (1.8.0_191-1-ojdkbuild-b12), built on Oct 20 2018 16:17:31 by "Administrator" with MS VC++ 10.0 (VS2010)

time: Wed Nov 20 23:29:43 2019
elapsed time: 0 seconds (0d 0h 0m 0s)

